# JRE version: OpenJDK Runtime Environment (26.0+35) (build 26+35-2893)
# Java VM: OpenJDK 64-Bit Server VM (26+35-2893, mixed mode, sharing, tiered, compressed oops, compressed class ptrs, g1 gc, windows-amd64)
GC Precious Log:
 CardTable entry size: 512
 Card Set container configuration: InlinePtr #cards 4 size 8 Array Of Cards #cards 32 size 80 Howl #buckets 8 coarsen threshold 7372 Howl Bitmap #cards 1024 size 144 coarsen threshold 921 Card regions per heap region 1 cards per card region 8192
 CPUs: 16 total, 16 available
 Memory: 23805M
 Large Page Support: Disabled
 NUMA Support: Disabled
 Compressed Oops: Enabled (Zero based)
 Heap Region Size: 4M
 Heap Min Capacity: 8M
 Heap Initial Capacity: 8M
 Heap Max Capacity: 5952M
 Pre-touch: Disabled
 Parallel Workers: 13
 Concurrent Workers: 3
 Concurrent Refinement Workers: 13
 Periodic GC: Disabled
Heap:
 garbage-first heap   total reserved 6094848K, committed 65536K, used 36074K [0x000000068c000000, 0x0000000800000000)
  region size 4M, 6 eden (24M), 1 survivor (4M), 5 old (20M), 0 humongous (0M), 4 free (16M)
GC Heap Usage History (20 events):
Event: 0.388 {heap Before GC invocations=4 (full 0):
 garbage-first heap   total reserved 6094848K, committed 20480K, used 8904K [0x000000068c000000, 0x0000000800000000)
  region size 4M, 1 eden (4M), 1 survivor (4M), 2 old (8M), 0 humongous (0M), 1 free (4M)
}
Event: 0.390 {heap After GC invocations=5 (full 0):
 garbage-first heap   total reserved 6094848K, committed 36864K, used 8678K [0x000000068c000000, 0x0000000800000000)
  region size 4M, 0 eden (0M), 1 survivor (4M), 2 old (8M), 0 humongous (0M), 6 free (24M)
}
Event: 0.929 {heap Before GC invocations=5 (full 0):
 garbage-first heap   total reserved 6094848K, committed 36864K, used 20966K [0x000000068c000000, 0x0000000800000000)
  region size 4M, 3 eden (12M), 1 survivor (4M), 2 old (8M), 0 humongous (0M), 3 free (12M)
}
Event: 0.930 {heap After GC invocations=6 (full 0):
 garbage-first heap   total reserved 6094848K, committed 36864K, used 5989K [0x000000068c000000, 0x0000000800000000)
  region size 4M, 0 eden (0M), 1 survivor (4M), 1 old (4M), 0 humongous (0M), 7 free (28M)
}
Event: 1.156 {heap Before GC invocations=6 (full 0):
 garbage-first heap   total reserved 6094848K, committed 36864K, used 18277K [0x000000068c000000, 0x0000000800000000)
  region size 4M, 4 eden (16M), 1 survivor (4M), 1 old (4M), 0 humongous (0M), 3 free (12M)
}
Event: 1.159 {heap After GC invocations=7 (full 0):
 garbage-first heap   total reserved 6094848K, committed 36864K, used 8479K [0x000000068c000000, 0x0000000800000000)
  region size 4M, 0 eden (0M), 1 survivor (4M), 2 old (8M), 0 humongous (0M), 6 free (24M)
}
Event: 1.418 {heap Before GC invocations=7 (full 0):
 garbage-first heap   total reserved 6094848K, committed 36864K, used 12575K [0x000000068c000000, 0x0000000800000000)
  region size 4M, 2 eden (8M), 1 survivor (4M), 2 old (8M), 0 humongous (0M), 4 free (16M)
}
Event: 1.421 {heap After GC invocations=8 (full 0):
 garbage-first heap   total reserved 6094848K, committed 36864K, used 10526K [0x000000068c000000, 0x0000000800000000)
  region size 4M, 0 eden (0M), 1 survivor (4M), 3 old (12M), 0 humongous (0M), 5 free (20M)
}
Event: 1.529 {heap Before GC invocations=9 (full 0):
 garbage-first heap   total reserved 6094848K, committed 36864K, used 18718K [0x000000068c000000, 0x0000000800000000)
  region size 4M, 3 eden (12M), 1 survivor (4M), 3 old (12M), 0 humongous (0M), 2 free (8M)
}
Event: 1.531 {heap After GC invocations=10 (full 0):
 garbage-first heap   total reserved 6094848K, committed 36864K, used 12370K [0x000000068c000000, 0x0000000800000000)
  region size 4M, 0 eden (0M), 1 survivor (4M), 3 old (12M), 0 humongous (0M), 5 free (20M)
}
Event: 1.715 {heap Before GC invocations=10 (full 0):
 garbage-first heap   total reserved 6094848K, committed 36864K, used 20562K [0x000000068c000000, 0x0000000800000000)
  region size 4M, 3 eden (12M), 1 survivor (4M), 3 old (12M), 0 humongous (0M), 2 free (8M)
}
Event: 1.717 {heap After GC invocations=11 (full 0):
 garbage-first heap   total reserved 6094848K, committed 36864K, used 13759K [0x000000068c000000, 0x0000000800000000)
  region size 4M, 0 eden (0M), 1 survivor (4M), 3 old (12M), 0 humongous (0M), 5 free (20M)
}
Event: 1.803 {heap Before GC invocations=11 (full 0):
 garbage-first heap   total reserved 6094848K, committed 36864K, used 21951K [0x000000068c000000, 0x0000000800000000)
  region size 4M, 3 eden (12M), 1 survivor (4M), 3 old (12M), 0 humongous (0M), 2 free (8M)
}
Event: 1.805 {heap After GC invocations=12 (full 0):
 garbage-first heap   total reserved 6094848K, committed 36864K, used 14445K [0x000000068c000000, 0x0000000800000000)
  region size 4M, 0 eden (0M), 1 survivor (4M), 3 old (12M), 0 humongous (0M), 5 free (20M)
}
Event: 2.016 {heap Before GC invocations=12 (full 0):
 garbage-first heap   total reserved 6094848K, committed 36864K, used 22637K [0x000000068c000000, 0x0000000800000000)
  region size 4M, 3 eden (12M), 1 survivor (4M), 3 old (12M), 0 humongous (0M), 2 free (8M)
}
Event: 2.020 {heap After GC invocations=13 (full 0):
 garbage-first heap   total reserved 6094848K, committed 36864K, used 16907K [0x000000068c000000, 0x0000000800000000)
  region size 4M, 0 eden (0M), 1 survivor (4M), 4 old (16M), 0 humongous (0M), 4 free (16M)
}
Event: 2.127 {heap Before GC invocations=13 (full 0):
 garbage-first heap   total reserved 6094848K, committed 36864K, used 21003K [0x000000068c000000, 0x0000000800000000)
  region size 4M, 2 eden (8M), 1 survivor (4M), 4 old (16M), 0 humongous (0M), 2 free (8M)
}
Event: 2.130 {heap After GC invocations=14 (full 0):
 garbage-first heap   total reserved 6094848K, committed 36864K, used 19449K [0x000000068c000000, 0x0000000800000000)
  region size 4M, 0 eden (0M), 1 survivor (4M), 5 old (20M), 0 humongous (0M), 3 free (12M)
}
Event: 6.008 {heap Before GC invocations=14 (full 0):
 garbage-first heap   total reserved 6094848K, committed 36864K, used 23545K [0x000000068c000000, 0x0000000800000000)
  region size 4M, 1 eden (4M), 1 survivor (4M), 5 old (20M), 0 humongous (0M), 2 free (8M)
}
Event: 6.009 {heap After GC invocations=15 (full 0):
 garbage-first heap   total reserved 6094848K, committed 65536K, used 19690K [0x000000068c000000, 0x0000000800000000)
  region size 4M, 0 eden (0M), 1 survivor (4M), 5 old (20M), 0 humongous (0M), 10 free (40M)
}

